# JRE version: OpenJDK Runtime Environment (24.0.1+9) (build 24.0.1+9-30)
# Java VM: OpenJDK 64-Bit Server VM (24.0.1+9-30, mixed mode, sharing, tiered, compressed oops, compressed class ptrs, g1 gc, windows-amd64)
GC Precious Log:
 CardTable entry size: 512
 Card Set container configuration: InlinePtr #cards 5 size 8 Array Of Cards #cards 10 size 36 Howl #buckets 4 coarsen threshold 1843 Howl Bitmap #cards 512 size 80 coarsen threshold 460 Card regions per heap region 1 cards per card region 2048
 CPUs: 8 total, 8 available
 Memory: 7969M
 Large Page Support: Disabled
 NUMA Support: Disabled
 Compressed Oops: Enabled (32-bit)
 Heap Region Size: 1M
 Heap Min Capacity: 8M
 Heap Initial Capacity: 126M
 Heap Max Capacity: 1994M
 Pre-touch: Disabled
 Parallel Workers: 8
 Concurrent Workers: 2
 Concurrent Refinement Workers: 8
 Periodic GC: Disabled
Heap:
 garbage-first heap   total reserved 2041856K, committed 54272K, used 42500K [0x0000000083600000, 0x0000000100000000)
  region size 1024K, 13 young (13312K), 2 survivors (2048K)
 Metaspace       used 54458K, committed 55360K, reserved 1114112K
  class space    used 5685K, committed 6080K, reserved 1048576K
GC Heap History (20 events):
Event: 5.260 GC heap before
{Heap before GC invocations=3 (full 0):
 garbage-first heap   total reserved 2041856K, committed 37888K, used 36196K [0x0000000083600000, 0x0000000100000000)
  region size 1024K, 24 young (24576K), 3 survivors (3072K)
 Metaspace       used 25166K, committed 25536K, reserved 1114112K
  class space    used 2270K, committed 2432K, reserved 1048576K
}
Event: 5.271 GC heap after
{Heap after GC invocations=4 (full 0):
 garbage-first heap   total reserved 2041856K, committed 45056K, used 13537K [0x0000000083600000, 0x0000000100000000)
  region size 1024K, 7 young (7168K), 7 survivors (7168K)
 Metaspace       used 25166K, committed 25536K, reserved 1114112K
  class space    used 2270K, committed 2432K, reserved 1048576K
}
Event: 5.739 GC heap before
{Heap before GC invocations=4 (full 0):
 garbage-first heap   total reserved 2041856K, committed 45056K, used 30945K [0x0000000083600000, 0x0000000100000000)
  region size 1024K, 24 young (24576K), 7 survivors (7168K)
 Metaspace       used 29196K, committed 29632K, reserved 1114112K
  class space    used 2714K, committed 2880K, reserved 1048576K
}
Event: 5.756 GC heap after
{Heap after GC invocations=5 (full 0):
 garbage-first heap   total reserved 2041856K, committed 45056K, used 14596K [0x0000000083600000, 0x0000000100000000)
  region size 1024K, 1 young (1024K), 1 survivors (1024K)
 Metaspace       used 29196K, committed 29632K, reserved 1114112K
  class space    used 2714K, committed 2880K, reserved 1048576K
}
Event: 6.240 GC heap before
{Heap before GC invocations=5 (full 0):
 garbage-first heap   total reserved 2041856K, committed 45056K, used 32004K [0x0000000083600000, 0x0000000100000000)
  region size 1024K, 19 young (19456K), 1 survivors (1024K)
 Metaspace       used 33570K, committed 33984K, reserved 1114112K
  class space    used 3096K, committed 3264K, reserved 1048576K
}
Event: 6.247 GC heap after
{Heap after GC invocations=6 (full 0):
 garbage-first heap   total reserved 2041856K, committed 45056K, used 16602K [0x0000000083600000, 0x0000000100000000)
  region size 1024K, 3 young (3072K), 3 survivors (3072K)
 Metaspace       used 33570K, committed 33984K, reserved 1114112K
  class space    used 3096K, committed 3264K, reserved 1048576K
}
Event: 6.433 GC heap before
{Heap before GC invocations=6 (full 0):
 garbage-first heap   total reserved 2041856K, committed 45056K, used 24794K [0x0000000083600000, 0x0000000100000000)
  region size 1024K, 12 young (12288K), 3 survivors (3072K)
 Metaspace       used 35580K, committed 35968K, reserved 1114112K
  class space    used 3290K, committed 3456K, reserved 1048576K
}
Event: 6.439 GC heap after
{Heap after GC invocations=7 (full 0):
 garbage-first heap   total reserved 2041856K, committed 45056K, used 17247K [0x0000000083600000, 0x0000000100000000)
  region size 1024K, 1 young (1024K), 1 survivors (1024K)
 Metaspace       used 35580K, committed 35968K, reserved 1114112K
  class space    used 3290K, committed 3456K, reserved 1048576K
}
Event: 6.896 GC heap before
{Heap before GC invocations=8 (full 0):
 garbage-first heap   total reserved 2041856K, committed 45056K, used 34655K [0x0000000083600000, 0x0000000100000000)
  region size 1024K, 19 young (19456K), 1 survivors (1024K)
 Metaspace       used 38091K, committed 38656K, reserved 1114112K
  class space    used 3597K, committed 3840K, reserved 1048576K
}
Event: 6.904 GC heap after
{Heap after GC invocations=9 (full 0):
 garbage-first heap   total reserved 2041856K, committed 45056K, used 20312K [0x0000000083600000, 0x0000000100000000)
  region size 1024K, 3 young (3072K), 3 survivors (3072K)
 Metaspace       used 38091K, committed 38656K, reserved 1114112K
  class space    used 3597K, committed 3840K, reserved 1048576K
}
Event: 7.002 GC heap before
{Heap before GC invocations=9 (full 0):
 garbage-first heap   total reserved 2041856K, committed 45056K, used 36696K [0x0000000083600000, 0x0000000100000000)
  region size 1024K, 19 young (19456K), 3 survivors (3072K)
 Metaspace       used 38223K, committed 38784K, reserved 1114112K
  class space    used 3605K, committed 3840K, reserved 1048576K
}
Event: 7.011 GC heap after
{Heap after GC invocations=10 (full 0):
 garbage-first heap   total reserved 2041856K, committed 54272K, used 22225K [0x0000000083600000, 0x0000000100000000)
  region size 1024K, 2 young (2048K), 2 survivors (2048K)
 Metaspace       used 38223K, committed 38784K, reserved 1114112K
  class space    used 3605K, committed 3840K, reserved 1048576K
}
Event: 7.749 GC heap before
{Heap before GC invocations=10 (full 0):
 garbage-first heap   total reserved 2041856K, committed 54272K, used 42705K [0x0000000083600000, 0x0000000100000000)
  region size 1024K, 23 young (23552K), 2 survivors (2048K)
 Metaspace       used 41532K, committed 42240K, reserved 1114112K
  class space    used 4034K, committed 4352K, reserved 1048576K
}
Event: 7.756 GC heap after
{Heap after GC invocations=11 (full 0):
 garbage-first heap   total reserved 2041856K, committed 54272K, used 25294K [0x0000000083600000, 0x0000000100000000)
  region size 1024K, 3 young (3072K), 3 survivors (3072K)
 Metaspace       used 41532K, committed 42240K, reserved 1114112K
  class space    used 4034K, committed 4352K, reserved 1048576K
}
Event: 8.474 GC heap before
{Heap before GC invocations=11 (full 0):
 garbage-first heap   total reserved 2041856K, committed 54272K, used 44750K [0x0000000083600000, 0x0000000100000000)
  region size 1024K, 23 young (23552K), 3 survivors (3072K)
 Metaspace       used 46607K, committed 47360K, reserved 1114112K
  class space    used 4607K, committed 4928K, reserved 1048576K
}
Event: 8.485 GC heap after
{Heap after GC invocations=12 (full 0):
 garbage-first heap   total reserved 2041856K, committed 54272K, used 28186K [0x0000000083600000, 0x0000000100000000)
  region size 1024K, 3 young (3072K), 3 survivors (3072K)
 Metaspace       used 46607K, committed 47360K, reserved 1114112K
  class space    used 4607K, committed 4928K, reserved 1048576K
}
Event: 9.660 GC heap before
{Heap before GC invocations=12 (full 0):
 garbage-first heap   total reserved 2041856K, committed 54272K, used 44570K [0x0000000083600000, 0x0000000100000000)
  region size 1024K, 20 young (20480K), 3 survivors (3072K)
 Metaspace       used 50119K, committed 50880K, reserved 1114112K
  class space    used 5073K, committed 5376K, reserved 1048576K
}
Event: 9.670 GC heap after
{Heap after GC invocations=13 (full 0):
 garbage-first heap   total reserved 2041856K, committed 54272K, used 30784K [0x0000000083600000, 0x0000000100000000)
  region size 1024K, 3 young (3072K), 3 survivors (3072K)
 Metaspace       used 50119K, committed 50880K, reserved 1114112K
  class space    used 5073K, committed 5376K, reserved 1048576K
}
Event: 10.075 GC heap before
{Heap before GC invocations=14 (full 0):
 garbage-first heap   total reserved 2041856K, committed 54272K, used 45120K [0x0000000083600000, 0x0000000100000000)
  region size 1024K, 18 young (18432K), 3 survivors (3072K)
 Metaspace       used 53049K, committed 53824K, reserved 1114112K
  class space    used 5512K, committed 5824K, reserved 1048576K
}
Event: 10.084 GC heap after
{Heap after GC invocations=15 (full 0):
 garbage-first heap   total reserved 2041856K, committed 54272K, used 32260K [0x0000000083600000, 0x0000000100000000)
  region size 1024K, 2 young (2048K), 2 survivors (2048K)
 Metaspace       used 53049K, committed 53824K, reserved 1114112K
  class space    used 5512K, committed 5824K, reserved 1048576K
}

